<?xml version="1.0" encoding="UTF-8"?>
<testng-results skipped="0" failed="1" ignored="0" total="4" passed="3">
  <reporter-output>
  </reporter-output>
  <suite name="Suite" duration-ms="71118" started-at="2020-02-24T05:45:42Z" finished-at="2020-02-24T05:46:53Z">
    <groups>
    </groups>
    <test name="TestCase01" duration-ms="23073" started-at="2020-02-24T05:45:42Z" finished-at="2020-02-24T05:46:05Z">
      <class name="com.gcrit.testcases.TestCase01_Regisration">
        <test-method status="PASS" signature="setUp()[pri:0, instance:com.gcrit.testcases.TestCase01_Regisration@1e6932a]" name="setUp" is-config="true" duration-ms="13566" started-at="2020-02-24T11:15:42Z" finished-at="2020-02-24T11:15:55Z">
          <reporter-output>
          </reporter-output>
        </test-method> <!-- setUp -->
        <test-method status="FAIL" signature="Registraion_Gcrit()[pri:1, instance:com.gcrit.testcases.TestCase01_Regisration@1e6932a]" name="Registraion_Gcrit" duration-ms="7333" started-at="2020-02-24T11:15:55Z" description="Registering a new user" finished-at="2020-02-24T11:16:03Z">
          <exception class="java.lang.AssertionError">
            <message>
              <![CDATA[expected [Your Account Has Been Created!] but found [My Account Information]]]>
            </message>
            <full-stacktrace>
              <![CDATA[java.lang.AssertionError: expected [Your Account Has Been Created!] but found [My Account Information]
	at org.testng.Assert.fail(Assert.java:93)
	at org.testng.Assert.failNotEquals(Assert.java:512)
	at org.testng.Assert.assertEqualsImpl(Assert.java:134)
	at org.testng.Assert.assertEquals(Assert.java:115)
	at org.testng.Assert.assertEquals(Assert.java:189)
	at org.testng.Assert.assertEquals(Assert.java:199)
	at com.gcrit.testcases.TestCase01_Regisration.Registraion_Gcrit(TestCase01_Regisration.java:39)
	at sun.reflect.NativeMethodAccessorImpl.invoke0(Native Method)
	at sun.reflect.NativeMethodAccessorImpl.invoke(NativeMethodAccessorImpl.java:62)
	at sun.reflect.DelegatingMethodAccessorImpl.invoke(DelegatingMethodAccessorImpl.java:43)
	at java.lang.reflect.Method.invoke(Method.java:498)
	at org.testng.internal.MethodInvocationHelper.invokeMethod(MethodInvocationHelper.java:108)
	at org.testng.internal.Invoker.invokeMethod(Invoker.java:661)
	at org.testng.internal.Invoker.invokeTestMethod(Invoker.java:869)
	at org.testng.internal.Invoker.invokeTestMethods(Invoker.java:1193)
	at org.testng.internal.TestMethodWorker.invokeTestMethods(TestMethodWorker.java:126)
	at org.testng.internal.TestMethodWorker.run(TestMethodWorker.java:109)
	at org.testng.TestRunner.privateRun(TestRunner.java:744)
	at org.testng.TestRunner.run(TestRunner.java:602)
	at org.testng.SuiteRunner.runTest(SuiteRunner.java:380)
	at org.testng.SuiteRunner.runSequentially(SuiteRunner.java:375)
	at org.testng.SuiteRunner.privateRun(SuiteRunner.java:340)
	at org.testng.SuiteRunner.run(SuiteRunner.java:289)
	at org.testng.SuiteRunnerWorker.runSuite(SuiteRunnerWorker.java:52)
	at org.testng.SuiteRunnerWorker.run(SuiteRunnerWorker.java:86)
	at org.testng.TestNG.runSuitesSequentially(TestNG.java:1301)
	at org.testng.TestNG.runSuitesLocally(TestNG.java:1226)
	at org.testng.TestNG.runSuites(TestNG.java:1144)
	at org.testng.TestNG.run(TestNG.java:1115)
	at org.testng.remote.AbstractRemoteTestNG.run(AbstractRemoteTestNG.java:126)
	at org.testng.remote.RemoteTestNG.initAndRun(RemoteTestNG.java:152)
	at org.testng.remote.RemoteTestNG.main(RemoteTestNG.java:57)
]]>
            </full-stacktrace>
          </exception> <!-- java.lang.AssertionError -->
          <reporter-output>
          </reporter-output>
        </test-method> <!-- Registraion_Gcrit -->
        <test-method status="PASS" signature="tearDown()[pri:0, instance:com.gcrit.testcases.TestCase01_Regisration@1e6932a]" name="tearDown" is-config="true" duration-ms="1426" started-at="2020-02-24T11:16:03Z" finished-at="2020-02-24T11:16:05Z">
          <reporter-output>
          </reporter-output>
        </test-method> <!-- tearDown -->
      </class> <!-- com.gcrit.testcases.TestCase01_Regisration -->
    </test> <!-- TestCase01 -->
    <test name="TestCase02" duration-ms="12770" started-at="2020-02-24T05:46:05Z" finished-at="2020-02-24T05:46:17Z">
      <class name="com.gcrit.testcases.TestCase02_Registration_email_error_verification">
        <test-method status="PASS" signature="setUp()[pri:0, instance:com.gcrit.testcases.TestCase02_Registration_email_error_verification@19407c2]" name="setUp" is-config="true" duration-ms="7617" started-at="2020-02-24T11:16:05Z" finished-at="2020-02-24T11:16:12Z">
          <reporter-output>
          </reporter-output>
        </test-method> <!-- setUp -->
        <test-method status="PASS" signature="Registration_email_error_verification()[pri:3, instance:com.gcrit.testcases.TestCase02_Registration_email_error_verification@19407c2]" name="Registration_email_error_verification" duration-ms="4159" started-at="2020-02-24T11:16:12Z" description="Registration with invalid email id" finished-at="2020-02-24T11:16:16Z">
          <reporter-output>
          </reporter-output>
        </test-method> <!-- Registration_email_error_verification -->
        <test-method status="PASS" signature="tearDown()[pri:0, instance:com.gcrit.testcases.TestCase02_Registration_email_error_verification@19407c2]" name="tearDown" is-config="true" duration-ms="966" started-at="2020-02-24T11:16:16Z" finished-at="2020-02-24T11:16:17Z">
          <reporter-output>
          </reporter-output>
        </test-method> <!-- tearDown -->
      </class> <!-- com.gcrit.testcases.TestCase02_Registration_email_error_verification -->
    </test> <!-- TestCase02 -->
    <test name="TestCase03" duration-ms="13273" started-at="2020-02-24T05:46:18Z" finished-at="2020-02-24T05:46:31Z">
      <class name="com.gcrit.testcases.TestCase03_Sign_In">
        <test-method status="PASS" signature="setUp()[pri:0, instance:com.gcrit.testcases.TestCase03_Sign_In@123be6c]" name="setUp" is-config="true" duration-ms="6845" started-at="2020-02-24T11:16:18Z" finished-at="2020-02-24T11:16:24Z">
          <reporter-output>
          </reporter-output>
        </test-method> <!-- setUp -->
        <test-method status="PASS" signature="SignIn()[pri:2, instance:com.gcrit.testcases.TestCase03_Sign_In@123be6c]" name="SignIn" duration-ms="5380" started-at="2020-02-24T11:16:24Z" description="Sign in with valid email id" finished-at="2020-02-24T11:16:30Z">
          <reporter-output>
          </reporter-output>
        </test-method> <!-- SignIn -->
        <test-method status="PASS" signature="tearDown()[pri:0, instance:com.gcrit.testcases.TestCase03_Sign_In@123be6c]" name="tearDown" is-config="true" duration-ms="1035" started-at="2020-02-24T11:16:30Z" finished-at="2020-02-24T11:16:31Z">
          <reporter-output>
          </reporter-output>
        </test-method> <!-- tearDown -->
      </class> <!-- com.gcrit.testcases.TestCase03_Sign_In -->
    </test> <!-- TestCase03 -->
    <test name="TestCase04" duration-ms="21814" started-at="2020-02-24T05:46:31Z" finished-at="2020-02-24T05:46:53Z">
      <class name="com.gcrit.testcases.TestCase04_Sign_In_Error">
        <test-method status="PASS" signature="setUp()[pri:0, instance:com.gcrit.testcases.TestCase04_Sign_In_Error@c0d731]" name="setUp" is-config="true" duration-ms="7253" started-at="2020-02-24T11:16:31Z" finished-at="2020-02-24T11:16:38Z">
          <reporter-output>
          </reporter-output>
        </test-method> <!-- setUp -->
        <test-method status="PASS" signature="SignIn_Error()[pri:4, instance:com.gcrit.testcases.TestCase04_Sign_In_Error@c0d731]" name="SignIn_Error" duration-ms="13582" started-at="2020-02-24T11:16:38Z" description="Sign in with invalid email id" finished-at="2020-02-24T11:16:52Z">
          <reporter-output>
          </reporter-output>
        </test-method> <!-- SignIn_Error -->
        <test-method status="PASS" signature="tearDown()[pri:0, instance:com.gcrit.testcases.TestCase04_Sign_In_Error@c0d731]" name="tearDown" is-config="true" duration-ms="960" started-at="2020-02-24T11:16:52Z" finished-at="2020-02-24T11:16:53Z">
          <reporter-output>
          </reporter-output>
        </test-method> <!-- tearDown -->
      </class> <!-- com.gcrit.testcases.TestCase04_Sign_In_Error -->
    </test> <!-- TestCase04 -->
  </suite> <!-- Suite -->
</testng-results>
